info it worked if it ends with ok
verbose cli [ 'node', '/usr/local/bin/npm', 'install' ]
info using npm@1.0.99
info using node@v0.4.11
verbose config file /home/robashton/.npmrc
verbose config file /usr/local/etc/npmrc
verbose config file /usr/local/lib/node_modules/npm/npmrc
ERR! Couldn't read dependencies.
ERR! Failed to parse json
ERR! Unexpected string
ERR! File: /work/src/givecampuk/package.json
ERR! JSON.parse Failed to parse package.json data.
ERR! JSON.parse package.json must be actual JSON, not just JavaScript.
ERR! JSON.parse This is not a bug in npm.
ERR! JSON.parse Tell the package author to fix their package.json file.
ERR! 
ERR! System Linux 2.6.38-8-generic
ERR! command "node" "/usr/local/bin/npm" "install"
ERR! cwd /work/src/givecampuk
ERR! node -v v0.4.11
ERR! npm -v 1.0.99
ERR! file /work/src/givecampuk/package.json
ERR! code EJSONPARSE
verbose exit [ 1, true ]
